
> nx run @fe-repo/web:build

> next build

   [1m[38;2;173;127;168mΓû▓ Next.js 16.0.10[39m[22m (Turbopack)

 [37m[1m [22m[39m Creating an optimized production build ...
 [32m[1mΓ£ô[22m[39m Compiled successfully in 6.4s
 [37m[1m [22m[39m Running TypeScript ...
 ΓÜá TypeScript project references are not fully supported. Attempting to build in incremental mode.
 [37m[1m [22m[39m Collecting page data using 15 workers ...
 [37m[1m [22m[39m Generating static pages using 15 workers (0/7) ...
 [37m[1m [22m[39m Generating static pages using 15 workers (1/7) 
 [37m[1m [22m[39m Generating static pages using 15 workers (3/7) 
 [37m[1m [22m[39m Generating static pages using 15 workers (5/7) 
 [32m[1mΓ£ô[22m[39m Generating static pages using 15 workers (7/7) in 1473.4ms
 [37m[1m [22m[39m Finalizing page optimization ...

[4mRoute (app)[24m
Γöî Γùï /
Γö£ Γùï /_not-found
Γö£ ╞Æ /api/hello
Γö£ Γùï /dashboard
Γö£ Γùï /login
Γöö Γùï /register


Γùï  (Static)   prerendered as static content
╞Æ  (Dynamic)  server-rendered on demand




 NX   Successfully ran target build for project @fe-repo/web


View logs and investigate cache misses at https://cloud.nx.app/runs/YTikUnPHF5

